Arguments: 
  /usr/local/bin/node /Users/yeongu/.cache/node/corepack/yarn/1.22.19/bin/yarn.js add …

PATH: 
  /usr/local/bin:/System/Cryptexes/App/usr/bin:/usr/bin:/bin:/usr/sbin:/sbin:/Users/yeongu/Library/Application Support/JetBrains/Toolbox/scripts:/Users/yeongu/Library/Application Support/JetBrains/Toolbox/scripts

Yarn version: 
  1.22.19

Node version: 
  18.14.2

Platform: 
  darwin arm64

Trace: 
  TypeError [ERR_UNESCAPED_CHARACTERS]: https://registry.yarnpkg.com/…: Request path contains unescaped characters
      at new NodeError (node:internal/errors:399:5)
      at new ClientRequest (node:_http_client:184:13)
      at Object.request (node:https:360:10)
      at module.exports.Request.start (/Users/yeongu/.cache/node/corepack/yarn/1.22.19/lib/cli.js:141452:32)
      at module.exports.Request.end (/Users/yeongu/.cache/node/corepack/yarn/1.22.19/lib/cli.js:142211:10)
      at end (/Users/yeongu/.cache/node/corepack/yarn/1.22.19/lib/cli.js:141265:14)
      at Immediate.<anonymous> (/Users/yeongu/.cache/node/corepack/yarn/1.22.19/lib/cli.js:141279:7)
      at process.processImmediate (node:internal/timers:476:21)

npm manifest: 
  {
    "name": "src",
    "version": "1.0.0",
    "main": "index.js",
    "license": "MIT"
  }

yarn manifest: 
  No manifest

Lockfile: 
  No lockfile
